00:02:51.622 INFO  [File:StartupInfoLogger.java] [Func:logStarting] [Line:55] [Message:Starting DemoApplication using Java 11.0.11 on anjuhyeong-ui-MacBookPro.local with PID 66936 (/Users/juhyeong/Desktop/Spring-Playground/RisingCamp-Spring-Template/build/classes/java/main started by juhyeong in /Users/juhyeong/Desktop/Spring-Playground/RisingCamp-Spring-Template)]- Starting DemoApplication using Java 11.0.11 on anjuhyeong-ui-MacBookPro.local with PID 66936 (/Users/juhyeong/Desktop/Spring-Playground/RisingCamp-Spring-Template/build/classes/java/main started by juhyeong in /Users/juhyeong/Desktop/Spring-Playground/RisingCamp-Spring-Template)
00:02:51.633 DEBUG [File:StartupInfoLogger.java] [Func:logStarting] [Line:56] [Message:Running with Spring Boot v2.4.2, Spring v5.3.3]- Running with Spring Boot v2.4.2, Spring v5.3.3
00:02:51.636 INFO  [File:SpringApplication.java] [Func:logStartupProfileInfo] [Line:660] [Message:No active profile set, falling back to default profiles: default]- No active profile set, falling back to default profiles: default
00:02:55.024 INFO  [File:StartupInfoLogger.java] [Func:logStarted] [Line:61] [Message:Started DemoApplication in 3.937 seconds (JVM running for 4.586)]- Started DemoApplication in 3.937 seconds (JVM running for 4.586)
00:03:18.894 INFO  [File:StartupInfoLogger.java] [Func:logStarting] [Line:55] [Message:Starting DemoApplication using Java 11.0.11 on anjuhyeong-ui-MacBookPro.local with PID 66941 (/Users/juhyeong/Desktop/Spring-Playground/RisingCamp-Spring-Template/build/classes/java/main started by juhyeong in /Users/juhyeong/Desktop/Spring-Playground/RisingCamp-Spring-Template)]- Starting DemoApplication using Java 11.0.11 on anjuhyeong-ui-MacBookPro.local with PID 66941 (/Users/juhyeong/Desktop/Spring-Playground/RisingCamp-Spring-Template/build/classes/java/main started by juhyeong in /Users/juhyeong/Desktop/Spring-Playground/RisingCamp-Spring-Template)
00:03:18.896 DEBUG [File:StartupInfoLogger.java] [Func:logStarting] [Line:56] [Message:Running with Spring Boot v2.4.2, Spring v5.3.3]- Running with Spring Boot v2.4.2, Spring v5.3.3
00:03:18.898 INFO  [File:SpringApplication.java] [Func:logStartupProfileInfo] [Line:660] [Message:No active profile set, falling back to default profiles: default]- No active profile set, falling back to default profiles: default
00:03:21.940 INFO  [File:StartupInfoLogger.java] [Func:logStarted] [Line:61] [Message:Started DemoApplication in 3.594 seconds (JVM running for 4.236)]- Started DemoApplication in 3.594 seconds (JVM running for 4.236)
00:04:00.643 INFO  [File:StartupInfoLogger.java] [Func:logStarting] [Line:55] [Message:Starting DemoApplication using Java 11.0.11 on anjuhyeong-ui-MacBookPro.local with PID 66945 (/Users/juhyeong/Desktop/Spring-Playground/RisingCamp-Spring-Template/build/classes/java/main started by juhyeong in /Users/juhyeong/Desktop/Spring-Playground/RisingCamp-Spring-Template)]- Starting DemoApplication using Java 11.0.11 on anjuhyeong-ui-MacBookPro.local with PID 66945 (/Users/juhyeong/Desktop/Spring-Playground/RisingCamp-Spring-Template/build/classes/java/main started by juhyeong in /Users/juhyeong/Desktop/Spring-Playground/RisingCamp-Spring-Template)
00:04:00.646 DEBUG [File:StartupInfoLogger.java] [Func:logStarting] [Line:56] [Message:Running with Spring Boot v2.4.2, Spring v5.3.3]- Running with Spring Boot v2.4.2, Spring v5.3.3
00:04:00.648 INFO  [File:SpringApplication.java] [Func:logStartupProfileInfo] [Line:660] [Message:No active profile set, falling back to default profiles: default]- No active profile set, falling back to default profiles: default
00:04:03.545 INFO  [File:StartupInfoLogger.java] [Func:logStarted] [Line:61] [Message:Started DemoApplication in 3.449 seconds (JVM running for 4.256)]- Started DemoApplication in 3.449 seconds (JVM running for 4.256)
00:05:21.117 INFO  [File:StartupInfoLogger.java] [Func:logStarting] [Line:55] [Message:Starting DemoApplication using Java 11.0.11 on anjuhyeong-ui-MacBookPro.local with PID 66961 (/Users/juhyeong/Desktop/Spring-Playground/RisingCamp-Spring-Template/build/classes/java/main started by juhyeong in /Users/juhyeong/Desktop/Spring-Playground/RisingCamp-Spring-Template)]- Starting DemoApplication using Java 11.0.11 on anjuhyeong-ui-MacBookPro.local with PID 66961 (/Users/juhyeong/Desktop/Spring-Playground/RisingCamp-Spring-Template/build/classes/java/main started by juhyeong in /Users/juhyeong/Desktop/Spring-Playground/RisingCamp-Spring-Template)
00:05:21.121 DEBUG [File:StartupInfoLogger.java] [Func:logStarting] [Line:56] [Message:Running with Spring Boot v2.4.2, Spring v5.3.3]- Running with Spring Boot v2.4.2, Spring v5.3.3
00:05:21.122 INFO  [File:SpringApplication.java] [Func:logStartupProfileInfo] [Line:660] [Message:No active profile set, falling back to default profiles: default]- No active profile set, falling back to default profiles: default
00:05:24.143 INFO  [File:StartupInfoLogger.java] [Func:logStarted] [Line:61] [Message:Started DemoApplication in 3.571 seconds (JVM running for 4.361)]- Started DemoApplication in 3.571 seconds (JVM running for 4.361)
00:05:31.591 INFO  [File:StartupInfoLogger.java] [Func:logStarting] [Line:55] [Message:Starting DemoApplication using Java 11.0.11 on anjuhyeong-ui-MacBookPro.local with PID 66970 (/Users/juhyeong/Desktop/Spring-Playground/RisingCamp-Spring-Template/build/classes/java/main started by juhyeong in /Users/juhyeong/Desktop/Spring-Playground/RisingCamp-Spring-Template)]- Starting DemoApplication using Java 11.0.11 on anjuhyeong-ui-MacBookPro.local with PID 66970 (/Users/juhyeong/Desktop/Spring-Playground/RisingCamp-Spring-Template/build/classes/java/main started by juhyeong in /Users/juhyeong/Desktop/Spring-Playground/RisingCamp-Spring-Template)
00:05:31.593 DEBUG [File:StartupInfoLogger.java] [Func:logStarting] [Line:56] [Message:Running with Spring Boot v2.4.2, Spring v5.3.3]- Running with Spring Boot v2.4.2, Spring v5.3.3
00:05:31.593 INFO  [File:SpringApplication.java] [Func:logStartupProfileInfo] [Line:660] [Message:No active profile set, falling back to default profiles: default]- No active profile set, falling back to default profiles: default
00:05:34.472 INFO  [File:StartupInfoLogger.java] [Func:logStarted] [Line:61] [Message:Started DemoApplication in 3.448 seconds (JVM running for 4.211)]- Started DemoApplication in 3.448 seconds (JVM running for 4.211)
00:08:02.757 INFO  [File:StartupInfoLogger.java] [Func:logStarting] [Line:55] [Message:Starting DemoApplication using Java 11.0.11 on anjuhyeong-ui-MacBookPro.local with PID 67003 (/Users/juhyeong/Desktop/Spring-Playground/RisingCamp-Spring-Template/build/classes/java/main started by juhyeong in /Users/juhyeong/Desktop/Spring-Playground/RisingCamp-Spring-Template)]- Starting DemoApplication using Java 11.0.11 on anjuhyeong-ui-MacBookPro.local with PID 67003 (/Users/juhyeong/Desktop/Spring-Playground/RisingCamp-Spring-Template/build/classes/java/main started by juhyeong in /Users/juhyeong/Desktop/Spring-Playground/RisingCamp-Spring-Template)
00:08:02.759 DEBUG [File:StartupInfoLogger.java] [Func:logStarting] [Line:56] [Message:Running with Spring Boot v2.4.2, Spring v5.3.3]- Running with Spring Boot v2.4.2, Spring v5.3.3
00:08:02.760 INFO  [File:SpringApplication.java] [Func:logStartupProfileInfo] [Line:660] [Message:No active profile set, falling back to default profiles: default]- No active profile set, falling back to default profiles: default
00:08:05.777 INFO  [File:StartupInfoLogger.java] [Func:logStarted] [Line:61] [Message:Started DemoApplication in 3.864 seconds (JVM running for 4.603)]- Started DemoApplication in 3.864 seconds (JVM running for 4.603)
00:19:37.581 INFO  [File:StartupInfoLogger.java] [Func:logStarting] [Line:55] [Message:Starting DemoApplication using Java 11.0.11 on anjuhyeong-ui-MacBookPro.local with PID 67137 (/Users/juhyeong/Desktop/Spring-Playground/RisingCamp-Spring-Template/build/classes/java/main started by juhyeong in /Users/juhyeong/Desktop/Spring-Playground/RisingCamp-Spring-Template)]- Starting DemoApplication using Java 11.0.11 on anjuhyeong-ui-MacBookPro.local with PID 67137 (/Users/juhyeong/Desktop/Spring-Playground/RisingCamp-Spring-Template/build/classes/java/main started by juhyeong in /Users/juhyeong/Desktop/Spring-Playground/RisingCamp-Spring-Template)
00:19:37.583 DEBUG [File:StartupInfoLogger.java] [Func:logStarting] [Line:56] [Message:Running with Spring Boot v2.4.2, Spring v5.3.3]- Running with Spring Boot v2.4.2, Spring v5.3.3
00:19:37.584 INFO  [File:SpringApplication.java] [Func:logStartupProfileInfo] [Line:660] [Message:No active profile set, falling back to default profiles: default]- No active profile set, falling back to default profiles: default
00:19:40.645 INFO  [File:StartupInfoLogger.java] [Func:logStarted] [Line:61] [Message:Started DemoApplication in 3.8 seconds (JVM running for 4.586)]- Started DemoApplication in 3.8 seconds (JVM running for 4.586)
00:21:24.899 INFO  [File:StartupInfoLogger.java] [Func:logStarting] [Line:55] [Message:Starting DemoApplication using Java 11.0.11 on anjuhyeong-ui-MacBookPro.local with PID 67164 (/Users/juhyeong/Desktop/Spring-Playground/RisingCamp-Spring-Template/build/classes/java/main started by juhyeong in /Users/juhyeong/Desktop/Spring-Playground/RisingCamp-Spring-Template)]- Starting DemoApplication using Java 11.0.11 on anjuhyeong-ui-MacBookPro.local with PID 67164 (/Users/juhyeong/Desktop/Spring-Playground/RisingCamp-Spring-Template/build/classes/java/main started by juhyeong in /Users/juhyeong/Desktop/Spring-Playground/RisingCamp-Spring-Template)
00:21:24.902 DEBUG [File:StartupInfoLogger.java] [Func:logStarting] [Line:56] [Message:Running with Spring Boot v2.4.2, Spring v5.3.3]- Running with Spring Boot v2.4.2, Spring v5.3.3
00:21:24.903 INFO  [File:SpringApplication.java] [Func:logStartupProfileInfo] [Line:660] [Message:No active profile set, falling back to default profiles: default]- No active profile set, falling back to default profiles: default
00:21:28.185 INFO  [File:StartupInfoLogger.java] [Func:logStarted] [Line:61] [Message:Started DemoApplication in 3.878 seconds (JVM running for 4.554)]- Started DemoApplication in 3.878 seconds (JVM running for 4.554)
01:27:01.076 INFO  [File:StartupInfoLogger.java] [Func:logStarting] [Line:55] [Message:Starting DemoApplication using Java 11.0.11 on anjuhyeong-ui-MacBookPro.local with PID 67626 (/Users/juhyeong/Desktop/Spring-Playground/RisingCamp-Spring-Template/build/classes/java/main started by juhyeong in /Users/juhyeong/Desktop/Spring-Playground/RisingCamp-Spring-Template)]- Starting DemoApplication using Java 11.0.11 on anjuhyeong-ui-MacBookPro.local with PID 67626 (/Users/juhyeong/Desktop/Spring-Playground/RisingCamp-Spring-Template/build/classes/java/main started by juhyeong in /Users/juhyeong/Desktop/Spring-Playground/RisingCamp-Spring-Template)
01:27:01.080 DEBUG [File:StartupInfoLogger.java] [Func:logStarting] [Line:56] [Message:Running with Spring Boot v2.4.2, Spring v5.3.3]- Running with Spring Boot v2.4.2, Spring v5.3.3
01:27:01.081 INFO  [File:SpringApplication.java] [Func:logStartupProfileInfo] [Line:660] [Message:No active profile set, falling back to default profiles: default]- No active profile set, falling back to default profiles: default
01:27:04.266 INFO  [File:StartupInfoLogger.java] [Func:logStarted] [Line:61] [Message:Started DemoApplication in 4.09 seconds (JVM running for 4.916)]- Started DemoApplication in 4.09 seconds (JVM running for 4.916)
01:28:53.742 INFO  [File:StartupInfoLogger.java] [Func:logStarting] [Line:55] [Message:Starting DemoApplication using Java 11.0.11 on anjuhyeong-ui-MacBookPro.local with PID 67659 (/Users/juhyeong/Desktop/Spring-Playground/RisingCamp-Spring-Template/build/classes/java/main started by juhyeong in /Users/juhyeong/Desktop/Spring-Playground/RisingCamp-Spring-Template)]- Starting DemoApplication using Java 11.0.11 on anjuhyeong-ui-MacBookPro.local with PID 67659 (/Users/juhyeong/Desktop/Spring-Playground/RisingCamp-Spring-Template/build/classes/java/main started by juhyeong in /Users/juhyeong/Desktop/Spring-Playground/RisingCamp-Spring-Template)
01:28:53.745 DEBUG [File:StartupInfoLogger.java] [Func:logStarting] [Line:56] [Message:Running with Spring Boot v2.4.2, Spring v5.3.3]- Running with Spring Boot v2.4.2, Spring v5.3.3
01:28:53.746 INFO  [File:SpringApplication.java] [Func:logStartupProfileInfo] [Line:660] [Message:No active profile set, falling back to default profiles: default]- No active profile set, falling back to default profiles: default
01:28:56.906 INFO  [File:StartupInfoLogger.java] [Func:logStarted] [Line:61] [Message:Started DemoApplication in 3.762 seconds (JVM running for 4.485)]- Started DemoApplication in 3.762 seconds (JVM running for 4.485)
11:48:49.733 INFO  [File:StartupInfoLogger.java] [Func:logStarting] [Line:55] [Message:Starting DemoApplication using Java 11.0.11 on anjuhyeong-ui-MacBookPro.local with PID 70966 (/Users/juhyeong/Desktop/Spring-Playground/RisingCamp-Spring-Template/build/classes/java/main started by juhyeong in /Users/juhyeong/Desktop/Spring-Playground/RisingCamp-Spring-Template)]- Starting DemoApplication using Java 11.0.11 on anjuhyeong-ui-MacBookPro.local with PID 70966 (/Users/juhyeong/Desktop/Spring-Playground/RisingCamp-Spring-Template/build/classes/java/main started by juhyeong in /Users/juhyeong/Desktop/Spring-Playground/RisingCamp-Spring-Template)
11:48:49.737 DEBUG [File:StartupInfoLogger.java] [Func:logStarting] [Line:56] [Message:Running with Spring Boot v2.4.2, Spring v5.3.3]- Running with Spring Boot v2.4.2, Spring v5.3.3
11:48:49.739 INFO  [File:SpringApplication.java] [Func:logStartupProfileInfo] [Line:660] [Message:No active profile set, falling back to default profiles: default]- No active profile set, falling back to default profiles: default
11:48:54.003 INFO  [File:StartupInfoLogger.java] [Func:logStarted] [Line:61] [Message:Started DemoApplication in 4.937 seconds (JVM running for 5.758)]- Started DemoApplication in 4.937 seconds (JVM running for 5.758)
11:54:30.536 INFO  [File:StartupInfoLogger.java] [Func:logStarting] [Line:55] [Message:Starting DemoApplication using Java 11.0.11 on anjuhyeong-ui-MacBookPro.local with PID 71305 (/Users/juhyeong/Desktop/Spring-Playground/RisingCamp-Spring-Template/build/classes/java/main started by juhyeong in /Users/juhyeong/Desktop/Spring-Playground/RisingCamp-Spring-Template)]- Starting DemoApplication using Java 11.0.11 on anjuhyeong-ui-MacBookPro.local with PID 71305 (/Users/juhyeong/Desktop/Spring-Playground/RisingCamp-Spring-Template/build/classes/java/main started by juhyeong in /Users/juhyeong/Desktop/Spring-Playground/RisingCamp-Spring-Template)
11:54:30.542 DEBUG [File:StartupInfoLogger.java] [Func:logStarting] [Line:56] [Message:Running with Spring Boot v2.4.2, Spring v5.3.3]- Running with Spring Boot v2.4.2, Spring v5.3.3
11:54:30.546 INFO  [File:SpringApplication.java] [Func:logStartupProfileInfo] [Line:660] [Message:No active profile set, falling back to default profiles: default]- No active profile set, falling back to default profiles: default
11:54:34.411 INFO  [File:StartupInfoLogger.java] [Func:logStarted] [Line:61] [Message:Started DemoApplication in 4.446 seconds (JVM running for 5.269)]- Started DemoApplication in 4.446 seconds (JVM running for 5.269)
11:54:48.211 DEBUG [File:UserController.java] [Func:updateProfileImage] [Line:222] [Message:여기 안도맂]- 여기 안도맂
11:56:33.879 DEBUG [File:UserController.java] [Func:updateProfileImage] [Line:222] [Message:여기 안도맂]- 여기 안도맂
11:57:18.236 INFO  [File:StartupInfoLogger.java] [Func:logStarting] [Line:55] [Message:Starting DemoApplication using Java 11.0.11 on anjuhyeong-ui-MacBookPro.local with PID 71326 (/Users/juhyeong/Desktop/Spring-Playground/RisingCamp-Spring-Template/build/classes/java/main started by juhyeong in /Users/juhyeong/Desktop/Spring-Playground/RisingCamp-Spring-Template)]- Starting DemoApplication using Java 11.0.11 on anjuhyeong-ui-MacBookPro.local with PID 71326 (/Users/juhyeong/Desktop/Spring-Playground/RisingCamp-Spring-Template/build/classes/java/main started by juhyeong in /Users/juhyeong/Desktop/Spring-Playground/RisingCamp-Spring-Template)
11:57:18.237 DEBUG [File:StartupInfoLogger.java] [Func:logStarting] [Line:56] [Message:Running with Spring Boot v2.4.2, Spring v5.3.3]- Running with Spring Boot v2.4.2, Spring v5.3.3
11:57:18.238 INFO  [File:SpringApplication.java] [Func:logStartupProfileInfo] [Line:660] [Message:No active profile set, falling back to default profiles: default]- No active profile set, falling back to default profiles: default
11:57:21.987 INFO  [File:StartupInfoLogger.java] [Func:logStarted] [Line:61] [Message:Started DemoApplication in 4.344 seconds (JVM running for 5.139)]- Started DemoApplication in 4.344 seconds (JVM running for 5.139)
11:57:24.423 DEBUG [File:UserController.java] [Func:updateProfileImage] [Line:222] [Message:여기 안도맂]- 여기 안도맂
11:57:49.366 INFO  [File:StartupInfoLogger.java] [Func:logStarting] [Line:55] [Message:Starting DemoApplication using Java 11.0.11 on anjuhyeong-ui-MacBookPro.local with PID 71336 (/Users/juhyeong/Desktop/Spring-Playground/RisingCamp-Spring-Template/build/classes/java/main started by juhyeong in /Users/juhyeong/Desktop/Spring-Playground/RisingCamp-Spring-Template)]- Starting DemoApplication using Java 11.0.11 on anjuhyeong-ui-MacBookPro.local with PID 71336 (/Users/juhyeong/Desktop/Spring-Playground/RisingCamp-Spring-Template/build/classes/java/main started by juhyeong in /Users/juhyeong/Desktop/Spring-Playground/RisingCamp-Spring-Template)
11:57:49.372 DEBUG [File:StartupInfoLogger.java] [Func:logStarting] [Line:56] [Message:Running with Spring Boot v2.4.2, Spring v5.3.3]- Running with Spring Boot v2.4.2, Spring v5.3.3
11:57:49.377 INFO  [File:SpringApplication.java] [Func:logStartupProfileInfo] [Line:660] [Message:No active profile set, falling back to default profiles: default]- No active profile set, falling back to default profiles: default
11:57:53.152 INFO  [File:StartupInfoLogger.java] [Func:logStarted] [Line:61] [Message:Started DemoApplication in 4.366 seconds (JVM running for 4.997)]- Started DemoApplication in 4.366 seconds (JVM running for 4.997)
11:59:02.068 INFO  [File:StartupInfoLogger.java] [Func:logStarting] [Line:55] [Message:Starting DemoApplication using Java 11.0.11 on anjuhyeong-ui-MacBookPro.local with PID 71348 (/Users/juhyeong/Desktop/Spring-Playground/RisingCamp-Spring-Template/build/classes/java/main started by juhyeong in /Users/juhyeong/Desktop/Spring-Playground/RisingCamp-Spring-Template)]- Starting DemoApplication using Java 11.0.11 on anjuhyeong-ui-MacBookPro.local with PID 71348 (/Users/juhyeong/Desktop/Spring-Playground/RisingCamp-Spring-Template/build/classes/java/main started by juhyeong in /Users/juhyeong/Desktop/Spring-Playground/RisingCamp-Spring-Template)
11:59:02.070 DEBUG [File:StartupInfoLogger.java] [Func:logStarting] [Line:56] [Message:Running with Spring Boot v2.4.2, Spring v5.3.3]- Running with Spring Boot v2.4.2, Spring v5.3.3
11:59:02.071 INFO  [File:SpringApplication.java] [Func:logStartupProfileInfo] [Line:660] [Message:No active profile set, falling back to default profiles: default]- No active profile set, falling back to default profiles: default
11:59:05.764 INFO  [File:StartupInfoLogger.java] [Func:logStarted] [Line:61] [Message:Started DemoApplication in 4.278 seconds (JVM running for 4.928)]- Started DemoApplication in 4.278 seconds (JVM running for 4.928)
11:59:30.586 INFO  [File:StartupInfoLogger.java] [Func:logStarting] [Line:55] [Message:Starting DemoApplication using Java 11.0.11 on anjuhyeong-ui-MacBookPro.local with PID 71353 (/Users/juhyeong/Desktop/Spring-Playground/RisingCamp-Spring-Template/build/classes/java/main started by juhyeong in /Users/juhyeong/Desktop/Spring-Playground/RisingCamp-Spring-Template)]- Starting DemoApplication using Java 11.0.11 on anjuhyeong-ui-MacBookPro.local with PID 71353 (/Users/juhyeong/Desktop/Spring-Playground/RisingCamp-Spring-Template/build/classes/java/main started by juhyeong in /Users/juhyeong/Desktop/Spring-Playground/RisingCamp-Spring-Template)
11:59:30.589 DEBUG [File:StartupInfoLogger.java] [Func:logStarting] [Line:56] [Message:Running with Spring Boot v2.4.2, Spring v5.3.3]- Running with Spring Boot v2.4.2, Spring v5.3.3
11:59:30.590 INFO  [File:SpringApplication.java] [Func:logStartupProfileInfo] [Line:660] [Message:No active profile set, falling back to default profiles: default]- No active profile set, falling back to default profiles: default
11:59:34.382 INFO  [File:StartupInfoLogger.java] [Func:logStarted] [Line:61] [Message:Started DemoApplication in 4.318 seconds (JVM running for 5.315)]- Started DemoApplication in 4.318 seconds (JVM running for 5.315)
12:03:48.506 INFO  [File:StartupInfoLogger.java] [Func:logStarting] [Line:55] [Message:Starting DemoApplication using Java 11.0.11 on anjuhyeong-ui-MacBookPro.local with PID 71395 (/Users/juhyeong/Desktop/Spring-Playground/RisingCamp-Spring-Template/build/classes/java/main started by juhyeong in /Users/juhyeong/Desktop/Spring-Playground/RisingCamp-Spring-Template)]- Starting DemoApplication using Java 11.0.11 on anjuhyeong-ui-MacBookPro.local with PID 71395 (/Users/juhyeong/Desktop/Spring-Playground/RisingCamp-Spring-Template/build/classes/java/main started by juhyeong in /Users/juhyeong/Desktop/Spring-Playground/RisingCamp-Spring-Template)
12:03:48.508 DEBUG [File:StartupInfoLogger.java] [Func:logStarting] [Line:56] [Message:Running with Spring Boot v2.4.2, Spring v5.3.3]- Running with Spring Boot v2.4.2, Spring v5.3.3
12:03:48.509 INFO  [File:SpringApplication.java] [Func:logStartupProfileInfo] [Line:660] [Message:No active profile set, falling back to default profiles: default]- No active profile set, falling back to default profiles: default
12:03:52.148 INFO  [File:StartupInfoLogger.java] [Func:logStarted] [Line:61] [Message:Started DemoApplication in 4.236 seconds (JVM running for 5.059)]- Started DemoApplication in 4.236 seconds (JVM running for 5.059)
12:04:18.673 INFO  [File:StartupInfoLogger.java] [Func:logStarting] [Line:55] [Message:Starting DemoApplication using Java 11.0.11 on anjuhyeong-ui-MacBookPro.local with PID 71402 (/Users/juhyeong/Desktop/Spring-Playground/RisingCamp-Spring-Template/build/classes/java/main started by juhyeong in /Users/juhyeong/Desktop/Spring-Playground/RisingCamp-Spring-Template)]- Starting DemoApplication using Java 11.0.11 on anjuhyeong-ui-MacBookPro.local with PID 71402 (/Users/juhyeong/Desktop/Spring-Playground/RisingCamp-Spring-Template/build/classes/java/main started by juhyeong in /Users/juhyeong/Desktop/Spring-Playground/RisingCamp-Spring-Template)
12:04:18.676 DEBUG [File:StartupInfoLogger.java] [Func:logStarting] [Line:56] [Message:Running with Spring Boot v2.4.2, Spring v5.3.3]- Running with Spring Boot v2.4.2, Spring v5.3.3
12:04:18.677 INFO  [File:SpringApplication.java] [Func:logStartupProfileInfo] [Line:660] [Message:No active profile set, falling back to default profiles: default]- No active profile set, falling back to default profiles: default
12:04:22.642 INFO  [File:StartupInfoLogger.java] [Func:logStarted] [Line:61] [Message:Started DemoApplication in 4.668 seconds (JVM running for 5.342)]- Started DemoApplication in 4.668 seconds (JVM running for 5.342)
12:46:18.469 INFO  [File:StartupInfoLogger.java] [Func:logStarting] [Line:55] [Message:Starting DemoApplication using Java 11.0.11 on anjuhyeong-ui-MacBookPro.local with PID 71794 (/Users/juhyeong/Desktop/Spring-Playground/RisingCamp-Spring-Template/build/classes/java/main started by juhyeong in /Users/juhyeong/Desktop/Spring-Playground/RisingCamp-Spring-Template)]- Starting DemoApplication using Java 11.0.11 on anjuhyeong-ui-MacBookPro.local with PID 71794 (/Users/juhyeong/Desktop/Spring-Playground/RisingCamp-Spring-Template/build/classes/java/main started by juhyeong in /Users/juhyeong/Desktop/Spring-Playground/RisingCamp-Spring-Template)
12:46:18.471 DEBUG [File:StartupInfoLogger.java] [Func:logStarting] [Line:56] [Message:Running with Spring Boot v2.4.2, Spring v5.3.3]- Running with Spring Boot v2.4.2, Spring v5.3.3
12:46:18.471 INFO  [File:SpringApplication.java] [Func:logStartupProfileInfo] [Line:660] [Message:No active profile set, falling back to default profiles: default]- No active profile set, falling back to default profiles: default
12:46:22.364 INFO  [File:StartupInfoLogger.java] [Func:logStarted] [Line:61] [Message:Started DemoApplication in 4.969 seconds (JVM running for 5.863)]- Started DemoApplication in 4.969 seconds (JVM running for 5.863)
12:46:42.177 INFO  [File:StartupInfoLogger.java] [Func:logStarting] [Line:55] [Message:Starting DemoApplication using Java 11.0.11 on anjuhyeong-ui-MacBookPro.local with PID 71808 (/Users/juhyeong/Desktop/Spring-Playground/RisingCamp-Spring-Template/build/classes/java/main started by juhyeong in /Users/juhyeong/Desktop/Spring-Playground/RisingCamp-Spring-Template)]- Starting DemoApplication using Java 11.0.11 on anjuhyeong-ui-MacBookPro.local with PID 71808 (/Users/juhyeong/Desktop/Spring-Playground/RisingCamp-Spring-Template/build/classes/java/main started by juhyeong in /Users/juhyeong/Desktop/Spring-Playground/RisingCamp-Spring-Template)
12:46:42.189 DEBUG [File:StartupInfoLogger.java] [Func:logStarting] [Line:56] [Message:Running with Spring Boot v2.4.2, Spring v5.3.3]- Running with Spring Boot v2.4.2, Spring v5.3.3
12:46:42.192 INFO  [File:SpringApplication.java] [Func:logStartupProfileInfo] [Line:660] [Message:No active profile set, falling back to default profiles: default]- No active profile set, falling back to default profiles: default
12:46:46.450 INFO  [File:StartupInfoLogger.java] [Func:logStarted] [Line:61] [Message:Started DemoApplication in 4.898 seconds (JVM running for 5.551)]- Started DemoApplication in 4.898 seconds (JVM running for 5.551)
12:49:30.130 INFO  [File:StartupInfoLogger.java] [Func:logStarting] [Line:55] [Message:Starting DemoApplication using Java 11.0.11 on anjuhyeong-ui-MacBookPro.local with PID 71835 (/Users/juhyeong/Desktop/Spring-Playground/RisingCamp-Spring-Template/build/classes/java/main started by juhyeong in /Users/juhyeong/Desktop/Spring-Playground/RisingCamp-Spring-Template)]- Starting DemoApplication using Java 11.0.11 on anjuhyeong-ui-MacBookPro.local with PID 71835 (/Users/juhyeong/Desktop/Spring-Playground/RisingCamp-Spring-Template/build/classes/java/main started by juhyeong in /Users/juhyeong/Desktop/Spring-Playground/RisingCamp-Spring-Template)
12:49:30.132 DEBUG [File:StartupInfoLogger.java] [Func:logStarting] [Line:56] [Message:Running with Spring Boot v2.4.2, Spring v5.3.3]- Running with Spring Boot v2.4.2, Spring v5.3.3
12:49:30.133 INFO  [File:SpringApplication.java] [Func:logStartupProfileInfo] [Line:660] [Message:No active profile set, falling back to default profiles: default]- No active profile set, falling back to default profiles: default
12:49:34.140 INFO  [File:StartupInfoLogger.java] [Func:logStarted] [Line:61] [Message:Started DemoApplication in 4.59 seconds (JVM running for 5.463)]- Started DemoApplication in 4.59 seconds (JVM running for 5.463)
12:52:02.760 INFO  [File:StartupInfoLogger.java] [Func:logStarting] [Line:55] [Message:Starting DemoApplication using Java 11.0.11 on anjuhyeong-ui-MacBookPro.local with PID 71844 (/Users/juhyeong/Desktop/Spring-Playground/RisingCamp-Spring-Template/build/classes/java/main started by juhyeong in /Users/juhyeong/Desktop/Spring-Playground/RisingCamp-Spring-Template)]- Starting DemoApplication using Java 11.0.11 on anjuhyeong-ui-MacBookPro.local with PID 71844 (/Users/juhyeong/Desktop/Spring-Playground/RisingCamp-Spring-Template/build/classes/java/main started by juhyeong in /Users/juhyeong/Desktop/Spring-Playground/RisingCamp-Spring-Template)
12:52:02.764 DEBUG [File:StartupInfoLogger.java] [Func:logStarting] [Line:56] [Message:Running with Spring Boot v2.4.2, Spring v5.3.3]- Running with Spring Boot v2.4.2, Spring v5.3.3
12:52:02.765 INFO  [File:SpringApplication.java] [Func:logStartupProfileInfo] [Line:660] [Message:No active profile set, falling back to default profiles: default]- No active profile set, falling back to default profiles: default
12:52:06.696 INFO  [File:StartupInfoLogger.java] [Func:logStarted] [Line:61] [Message:Started DemoApplication in 4.533 seconds (JVM running for 5.408)]- Started DemoApplication in 4.533 seconds (JVM running for 5.408)
12:54:00.535 INFO  [File:StartupInfoLogger.java] [Func:logStarting] [Line:55] [Message:Starting DemoApplication using Java 11.0.11 on anjuhyeong-ui-MacBookPro.local with PID 71865 (/Users/juhyeong/Desktop/Spring-Playground/RisingCamp-Spring-Template/build/classes/java/main started by juhyeong in /Users/juhyeong/Desktop/Spring-Playground/RisingCamp-Spring-Template)]- Starting DemoApplication using Java 11.0.11 on anjuhyeong-ui-MacBookPro.local with PID 71865 (/Users/juhyeong/Desktop/Spring-Playground/RisingCamp-Spring-Template/build/classes/java/main started by juhyeong in /Users/juhyeong/Desktop/Spring-Playground/RisingCamp-Spring-Template)
12:54:00.538 DEBUG [File:StartupInfoLogger.java] [Func:logStarting] [Line:56] [Message:Running with Spring Boot v2.4.2, Spring v5.3.3]- Running with Spring Boot v2.4.2, Spring v5.3.3
12:54:00.540 INFO  [File:SpringApplication.java] [Func:logStartupProfileInfo] [Line:660] [Message:No active profile set, falling back to default profiles: default]- No active profile set, falling back to default profiles: default
12:54:04.556 INFO  [File:StartupInfoLogger.java] [Func:logStarted] [Line:61] [Message:Started DemoApplication in 4.702 seconds (JVM running for 5.416)]- Started DemoApplication in 4.702 seconds (JVM running for 5.416)
12:56:40.435 DEBUG [File:UserController.java] [Func:kakaoCallBack] [Line:48] [Message:here]- here
12:56:57.984 INFO  [File:StartupInfoLogger.java] [Func:logStarting] [Line:55] [Message:Starting DemoApplication using Java 11.0.11 on anjuhyeong-ui-MacBookPro.local with PID 71886 (/Users/juhyeong/Desktop/Spring-Playground/RisingCamp-Spring-Template/build/classes/java/main started by juhyeong in /Users/juhyeong/Desktop/Spring-Playground/RisingCamp-Spring-Template)]- Starting DemoApplication using Java 11.0.11 on anjuhyeong-ui-MacBookPro.local with PID 71886 (/Users/juhyeong/Desktop/Spring-Playground/RisingCamp-Spring-Template/build/classes/java/main started by juhyeong in /Users/juhyeong/Desktop/Spring-Playground/RisingCamp-Spring-Template)
12:56:57.986 DEBUG [File:StartupInfoLogger.java] [Func:logStarting] [Line:56] [Message:Running with Spring Boot v2.4.2, Spring v5.3.3]- Running with Spring Boot v2.4.2, Spring v5.3.3
12:56:57.987 INFO  [File:SpringApplication.java] [Func:logStartupProfileInfo] [Line:660] [Message:No active profile set, falling back to default profiles: default]- No active profile set, falling back to default profiles: default
12:57:02.089 INFO  [File:StartupInfoLogger.java] [Func:logStarted] [Line:61] [Message:Started DemoApplication in 4.679 seconds (JVM running for 5.526)]- Started DemoApplication in 4.679 seconds (JVM running for 5.526)
13:03:08.192 INFO  [File:StartupInfoLogger.java] [Func:logStarting] [Line:55] [Message:Starting DemoApplication using Java 11.0.11 on anjuhyeong-ui-MacBookPro.local with PID 71953 (/Users/juhyeong/Desktop/Spring-Playground/RisingCamp-Spring-Template/build/classes/java/main started by juhyeong in /Users/juhyeong/Desktop/Spring-Playground/RisingCamp-Spring-Template)]- Starting DemoApplication using Java 11.0.11 on anjuhyeong-ui-MacBookPro.local with PID 71953 (/Users/juhyeong/Desktop/Spring-Playground/RisingCamp-Spring-Template/build/classes/java/main started by juhyeong in /Users/juhyeong/Desktop/Spring-Playground/RisingCamp-Spring-Template)
13:03:08.194 DEBUG [File:StartupInfoLogger.java] [Func:logStarting] [Line:56] [Message:Running with Spring Boot v2.4.2, Spring v5.3.3]- Running with Spring Boot v2.4.2, Spring v5.3.3
13:03:08.195 INFO  [File:SpringApplication.java] [Func:logStartupProfileInfo] [Line:660] [Message:No active profile set, falling back to default profiles: default]- No active profile set, falling back to default profiles: default
13:03:12.407 INFO  [File:StartupInfoLogger.java] [Func:logStarted] [Line:61] [Message:Started DemoApplication in 4.897 seconds (JVM running for 5.746)]- Started DemoApplication in 4.897 seconds (JVM running for 5.746)
13:04:26.600 INFO  [File:StartupInfoLogger.java] [Func:logStarting] [Line:55] [Message:Starting DemoApplication using Java 11.0.11 on anjuhyeong-ui-MacBookPro.local with PID 71961 (/Users/juhyeong/Desktop/Spring-Playground/RisingCamp-Spring-Template/build/classes/java/main started by juhyeong in /Users/juhyeong/Desktop/Spring-Playground/RisingCamp-Spring-Template)]- Starting DemoApplication using Java 11.0.11 on anjuhyeong-ui-MacBookPro.local with PID 71961 (/Users/juhyeong/Desktop/Spring-Playground/RisingCamp-Spring-Template/build/classes/java/main started by juhyeong in /Users/juhyeong/Desktop/Spring-Playground/RisingCamp-Spring-Template)
13:04:26.610 DEBUG [File:StartupInfoLogger.java] [Func:logStarting] [Line:56] [Message:Running with Spring Boot v2.4.2, Spring v5.3.3]- Running with Spring Boot v2.4.2, Spring v5.3.3
13:04:26.612 INFO  [File:SpringApplication.java] [Func:logStartupProfileInfo] [Line:660] [Message:No active profile set, falling back to default profiles: default]- No active profile set, falling back to default profiles: default
13:04:30.625 INFO  [File:StartupInfoLogger.java] [Func:logStarted] [Line:61] [Message:Started DemoApplication in 4.618 seconds (JVM running for 5.267)]- Started DemoApplication in 4.618 seconds (JVM running for 5.267)
13:05:24.217 INFO  [File:StartupInfoLogger.java] [Func:logStarting] [Line:55] [Message:Starting DemoApplication using Java 11.0.11 on anjuhyeong-ui-MacBookPro.local with PID 71972 (/Users/juhyeong/Desktop/Spring-Playground/RisingCamp-Spring-Template/build/classes/java/main started by juhyeong in /Users/juhyeong/Desktop/Spring-Playground/RisingCamp-Spring-Template)]- Starting DemoApplication using Java 11.0.11 on anjuhyeong-ui-MacBookPro.local with PID 71972 (/Users/juhyeong/Desktop/Spring-Playground/RisingCamp-Spring-Template/build/classes/java/main started by juhyeong in /Users/juhyeong/Desktop/Spring-Playground/RisingCamp-Spring-Template)
13:05:24.219 DEBUG [File:StartupInfoLogger.java] [Func:logStarting] [Line:56] [Message:Running with Spring Boot v2.4.2, Spring v5.3.3]- Running with Spring Boot v2.4.2, Spring v5.3.3
13:05:24.219 INFO  [File:SpringApplication.java] [Func:logStartupProfileInfo] [Line:660] [Message:No active profile set, falling back to default profiles: default]- No active profile set, falling back to default profiles: default
13:05:28.149 INFO  [File:StartupInfoLogger.java] [Func:logStarted] [Line:61] [Message:Started DemoApplication in 4.473 seconds (JVM running for 5.329)]- Started DemoApplication in 4.473 seconds (JVM running for 5.329)
13:05:44.816 DEBUG [File:UserController.java] [Func:kakaoCallBack] [Line:59] [Message:1]- 1
13:05:44.825 DEBUG [File:UserController.java] [Func:kakaoCallBack] [Line:65] [Message:2]- 2
13:05:44.825 DEBUG [File:UserController.java] [Func:kakaoCallBack] [Line:72] [Message:3]- 3
13:05:44.825 DEBUG [File:UserController.java] [Func:kakaoCallBack] [Line:76] [Message:4]- 4
13:07:09.496 INFO  [File:StartupInfoLogger.java] [Func:logStarting] [Line:55] [Message:Starting DemoApplication using Java 11.0.11 on anjuhyeong-ui-MacBookPro.local with PID 71993 (/Users/juhyeong/Desktop/Spring-Playground/RisingCamp-Spring-Template/build/classes/java/main started by juhyeong in /Users/juhyeong/Desktop/Spring-Playground/RisingCamp-Spring-Template)]- Starting DemoApplication using Java 11.0.11 on anjuhyeong-ui-MacBookPro.local with PID 71993 (/Users/juhyeong/Desktop/Spring-Playground/RisingCamp-Spring-Template/build/classes/java/main started by juhyeong in /Users/juhyeong/Desktop/Spring-Playground/RisingCamp-Spring-Template)
13:07:09.498 DEBUG [File:StartupInfoLogger.java] [Func:logStarting] [Line:56] [Message:Running with Spring Boot v2.4.2, Spring v5.3.3]- Running with Spring Boot v2.4.2, Spring v5.3.3
13:07:09.499 INFO  [File:SpringApplication.java] [Func:logStartupProfileInfo] [Line:660] [Message:No active profile set, falling back to default profiles: default]- No active profile set, falling back to default profiles: default
13:07:13.345 INFO  [File:StartupInfoLogger.java] [Func:logStarted] [Line:61] [Message:Started DemoApplication in 4.433 seconds (JVM running for 5.059)]- Started DemoApplication in 4.433 seconds (JVM running for 5.059)
13:07:18.968 DEBUG [File:UserController.java] [Func:kakaoCallBack] [Line:59] [Message:1]- 1
13:07:18.976 DEBUG [File:UserController.java] [Func:kakaoCallBack] [Line:65] [Message:2]- 2
13:07:18.978 DEBUG [File:UserController.java] [Func:kakaoCallBack] [Line:72] [Message:3]- 3
13:07:18.978 DEBUG [File:UserController.java] [Func:kakaoCallBack] [Line:76] [Message:4]- 4
13:10:49.371 DEBUG [File:UserController.java] [Func:kakaoCallBack] [Line:59] [Message:1]- 1
13:10:49.377 DEBUG [File:UserController.java] [Func:kakaoCallBack] [Line:65] [Message:2]- 2
13:10:49.378 DEBUG [File:UserController.java] [Func:kakaoCallBack] [Line:72] [Message:3]- 3
13:10:49.378 DEBUG [File:UserController.java] [Func:kakaoCallBack] [Line:76] [Message:4]- 4
13:15:42.432 DEBUG [File:UserController.java] [Func:kakaoCallBack] [Line:59] [Message:1]- 1
13:15:42.454 DEBUG [File:UserController.java] [Func:kakaoCallBack] [Line:65] [Message:2]- 2
13:15:42.455 DEBUG [File:UserController.java] [Func:kakaoCallBack] [Line:72] [Message:3]- 3
13:15:42.456 DEBUG [File:UserController.java] [Func:kakaoCallBack] [Line:76] [Message:4]- 4
13:20:20.130 INFO  [File:StartupInfoLogger.java] [Func:logStarting] [Line:55] [Message:Starting DemoApplication using Java 11.0.11 on anjuhyeong-ui-MacBookPro.local with PID 72117 (/Users/juhyeong/Desktop/Spring-Playground/RisingCamp-Spring-Template/build/classes/java/main started by juhyeong in /Users/juhyeong/Desktop/Spring-Playground/RisingCamp-Spring-Template)]- Starting DemoApplication using Java 11.0.11 on anjuhyeong-ui-MacBookPro.local with PID 72117 (/Users/juhyeong/Desktop/Spring-Playground/RisingCamp-Spring-Template/build/classes/java/main started by juhyeong in /Users/juhyeong/Desktop/Spring-Playground/RisingCamp-Spring-Template)
13:20:20.132 DEBUG [File:StartupInfoLogger.java] [Func:logStarting] [Line:56] [Message:Running with Spring Boot v2.4.2, Spring v5.3.3]- Running with Spring Boot v2.4.2, Spring v5.3.3
13:20:20.133 INFO  [File:SpringApplication.java] [Func:logStartupProfileInfo] [Line:660] [Message:No active profile set, falling back to default profiles: default]- No active profile set, falling back to default profiles: default
13:20:24.056 INFO  [File:StartupInfoLogger.java] [Func:logStarted] [Line:61] [Message:Started DemoApplication in 4.504 seconds (JVM running for 5.284)]- Started DemoApplication in 4.504 seconds (JVM running for 5.284)
13:20:40.851 DEBUG [File:UserController.java] [Func:kakaoCallBack] [Line:59] [Message:1]- 1
13:20:40.859 DEBUG [File:UserController.java] [Func:kakaoCallBack] [Line:65] [Message:2]- 2
13:20:40.860 DEBUG [File:UserController.java] [Func:kakaoCallBack] [Line:72] [Message:3]- 3
13:20:40.860 DEBUG [File:UserController.java] [Func:kakaoCallBack] [Line:76] [Message:4]- 4
13:24:28.262 DEBUG [File:UserController.java] [Func:kakaoCallBack] [Line:59] [Message:1]- 1
13:24:28.272 DEBUG [File:UserController.java] [Func:kakaoCallBack] [Line:65] [Message:2]- 2
13:24:28.273 DEBUG [File:UserController.java] [Func:kakaoCallBack] [Line:72] [Message:3]- 3
13:24:28.273 DEBUG [File:UserController.java] [Func:kakaoCallBack] [Line:76] [Message:4]- 4
13:24:39.362 INFO  [File:StartupInfoLogger.java] [Func:logStarting] [Line:55] [Message:Starting DemoApplication using Java 11.0.11 on anjuhyeong-ui-MacBookPro.local with PID 72163 (/Users/juhyeong/Desktop/Spring-Playground/RisingCamp-Spring-Template/build/classes/java/main started by juhyeong in /Users/juhyeong/Desktop/Spring-Playground/RisingCamp-Spring-Template)]- Starting DemoApplication using Java 11.0.11 on anjuhyeong-ui-MacBookPro.local with PID 72163 (/Users/juhyeong/Desktop/Spring-Playground/RisingCamp-Spring-Template/build/classes/java/main started by juhyeong in /Users/juhyeong/Desktop/Spring-Playground/RisingCamp-Spring-Template)
13:24:39.364 DEBUG [File:StartupInfoLogger.java] [Func:logStarting] [Line:56] [Message:Running with Spring Boot v2.4.2, Spring v5.3.3]- Running with Spring Boot v2.4.2, Spring v5.3.3
13:24:39.364 INFO  [File:SpringApplication.java] [Func:logStartupProfileInfo] [Line:660] [Message:No active profile set, falling back to default profiles: default]- No active profile set, falling back to default profiles: default
13:24:43.453 INFO  [File:StartupInfoLogger.java] [Func:logStarted] [Line:61] [Message:Started DemoApplication in 4.684 seconds (JVM running for 5.62)]- Started DemoApplication in 4.684 seconds (JVM running for 5.62)
13:25:01.737 DEBUG [File:UserController.java] [Func:kakaoCallBack] [Line:59] [Message:1]- 1
13:25:01.749 DEBUG [File:UserController.java] [Func:kakaoCallBack] [Line:65] [Message:2]- 2
13:25:01.750 DEBUG [File:UserController.java] [Func:kakaoCallBack] [Line:72] [Message:3]- 3
13:25:01.750 DEBUG [File:UserController.java] [Func:kakaoCallBack] [Line:76] [Message:4]- 4
13:27:19.497 INFO  [File:StartupInfoLogger.java] [Func:logStarting] [Line:55] [Message:Starting DemoApplication using Java 11.0.11 on anjuhyeong-ui-MacBookPro.local with PID 72229 (/Users/juhyeong/Desktop/Spring-Playground/RisingCamp-Spring-Template/build/classes/java/main started by juhyeong in /Users/juhyeong/Desktop/Spring-Playground/RisingCamp-Spring-Template)]- Starting DemoApplication using Java 11.0.11 on anjuhyeong-ui-MacBookPro.local with PID 72229 (/Users/juhyeong/Desktop/Spring-Playground/RisingCamp-Spring-Template/build/classes/java/main started by juhyeong in /Users/juhyeong/Desktop/Spring-Playground/RisingCamp-Spring-Template)
13:27:19.499 DEBUG [File:StartupInfoLogger.java] [Func:logStarting] [Line:56] [Message:Running with Spring Boot v2.4.2, Spring v5.3.3]- Running with Spring Boot v2.4.2, Spring v5.3.3
13:27:19.500 INFO  [File:SpringApplication.java] [Func:logStartupProfileInfo] [Line:660] [Message:No active profile set, falling back to default profiles: default]- No active profile set, falling back to default profiles: default
13:27:23.508 INFO  [File:StartupInfoLogger.java] [Func:logStarted] [Line:61] [Message:Started DemoApplication in 4.535 seconds (JVM running for 5.35)]- Started DemoApplication in 4.535 seconds (JVM running for 5.35)
13:27:29.731 DEBUG [File:UserController.java] [Func:kakaoCallBack] [Line:59] [Message:1]- 1
13:27:29.741 DEBUG [File:UserController.java] [Func:kakaoCallBack] [Line:65] [Message:2]- 2
13:27:29.743 DEBUG [File:UserController.java] [Func:kakaoCallBack] [Line:72] [Message:3]- 3
13:27:29.743 DEBUG [File:UserController.java] [Func:kakaoCallBack] [Line:76] [Message:4]- 4
13:28:04.630 INFO  [File:StartupInfoLogger.java] [Func:logStarting] [Line:55] [Message:Starting DemoApplication using Java 11.0.11 on anjuhyeong-ui-MacBookPro.local with PID 72244 (/Users/juhyeong/Desktop/Spring-Playground/RisingCamp-Spring-Template/build/classes/java/main started by juhyeong in /Users/juhyeong/Desktop/Spring-Playground/RisingCamp-Spring-Template)]- Starting DemoApplication using Java 11.0.11 on anjuhyeong-ui-MacBookPro.local with PID 72244 (/Users/juhyeong/Desktop/Spring-Playground/RisingCamp-Spring-Template/build/classes/java/main started by juhyeong in /Users/juhyeong/Desktop/Spring-Playground/RisingCamp-Spring-Template)
13:28:04.634 DEBUG [File:StartupInfoLogger.java] [Func:logStarting] [Line:56] [Message:Running with Spring Boot v2.4.2, Spring v5.3.3]- Running with Spring Boot v2.4.2, Spring v5.3.3
13:28:04.636 INFO  [File:SpringApplication.java] [Func:logStartupProfileInfo] [Line:660] [Message:No active profile set, falling back to default profiles: default]- No active profile set, falling back to default profiles: default
13:28:08.624 INFO  [File:StartupInfoLogger.java] [Func:logStarted] [Line:61] [Message:Started DemoApplication in 4.533 seconds (JVM running for 5.151)]- Started DemoApplication in 4.533 seconds (JVM running for 5.151)
13:28:10.576 DEBUG [File:UserController.java] [Func:kakaoCallBack] [Line:59] [Message:1]- 1
13:28:10.585 DEBUG [File:UserController.java] [Func:kakaoCallBack] [Line:65] [Message:2]- 2
13:28:10.586 DEBUG [File:UserController.java] [Func:kakaoCallBack] [Line:73] [Message:3]- 3
13:28:10.587 DEBUG [File:UserController.java] [Func:kakaoCallBack] [Line:77] [Message:4]- 4
13:28:11.162 DEBUG [File:UserController.java] [Func:kakaoCallBack] [Line:84] [Message:5]- 5
13:31:07.964 DEBUG [File:UserController.java] [Func:kakaoCallBack] [Line:59] [Message:1]- 1
13:31:07.974 DEBUG [File:UserController.java] [Func:kakaoCallBack] [Line:65] [Message:2]- 2
13:31:07.975 DEBUG [File:UserController.java] [Func:kakaoCallBack] [Line:73] [Message:3]- 3
13:31:07.975 DEBUG [File:UserController.java] [Func:kakaoCallBack] [Line:77] [Message:4]- 4
13:31:08.271 DEBUG [File:UserController.java] [Func:kakaoCallBack] [Line:84] [Message:5]- 5
13:32:05.800 INFO  [File:StartupInfoLogger.java] [Func:logStarting] [Line:55] [Message:Starting DemoApplication using Java 11.0.11 on anjuhyeong-ui-MacBookPro.local with PID 72277 (/Users/juhyeong/Desktop/Spring-Playground/RisingCamp-Spring-Template/build/classes/java/main started by juhyeong in /Users/juhyeong/Desktop/Spring-Playground/RisingCamp-Spring-Template)]- Starting DemoApplication using Java 11.0.11 on anjuhyeong-ui-MacBookPro.local with PID 72277 (/Users/juhyeong/Desktop/Spring-Playground/RisingCamp-Spring-Template/build/classes/java/main started by juhyeong in /Users/juhyeong/Desktop/Spring-Playground/RisingCamp-Spring-Template)
13:32:05.802 DEBUG [File:StartupInfoLogger.java] [Func:logStarting] [Line:56] [Message:Running with Spring Boot v2.4.2, Spring v5.3.3]- Running with Spring Boot v2.4.2, Spring v5.3.3
13:32:05.803 INFO  [File:SpringApplication.java] [Func:logStartupProfileInfo] [Line:660] [Message:No active profile set, falling back to default profiles: default]- No active profile set, falling back to default profiles: default
13:32:09.768 INFO  [File:StartupInfoLogger.java] [Func:logStarted] [Line:61] [Message:Started DemoApplication in 4.539 seconds (JVM running for 5.364)]- Started DemoApplication in 4.539 seconds (JVM running for 5.364)
13:32:57.224 INFO  [File:StartupInfoLogger.java] [Func:logStarting] [Line:55] [Message:Starting DemoApplication using Java 11.0.11 on anjuhyeong-ui-MacBookPro.local with PID 72283 (/Users/juhyeong/Desktop/Spring-Playground/RisingCamp-Spring-Template/build/classes/java/main started by juhyeong in /Users/juhyeong/Desktop/Spring-Playground/RisingCamp-Spring-Template)]- Starting DemoApplication using Java 11.0.11 on anjuhyeong-ui-MacBookPro.local with PID 72283 (/Users/juhyeong/Desktop/Spring-Playground/RisingCamp-Spring-Template/build/classes/java/main started by juhyeong in /Users/juhyeong/Desktop/Spring-Playground/RisingCamp-Spring-Template)
13:32:57.226 DEBUG [File:StartupInfoLogger.java] [Func:logStarting] [Line:56] [Message:Running with Spring Boot v2.4.2, Spring v5.3.3]- Running with Spring Boot v2.4.2, Spring v5.3.3
13:32:57.227 INFO  [File:SpringApplication.java] [Func:logStartupProfileInfo] [Line:660] [Message:No active profile set, falling back to default profiles: default]- No active profile set, falling back to default profiles: default
13:33:01.940 INFO  [File:StartupInfoLogger.java] [Func:logStarted] [Line:61] [Message:Started DemoApplication in 5.244 seconds (JVM running for 5.868)]- Started DemoApplication in 5.244 seconds (JVM running for 5.868)
13:33:10.517 DEBUG [File:UserController.java] [Func:kakaoCallBack] [Line:82] [Message:1]- 1
13:33:16.303 DEBUG [File:UserController.java] [Func:kakaoCallBack] [Line:82] [Message:1]- 1
13:33:16.633 DEBUG [File:UserController.java] [Func:kakaoCallBack] [Line:82] [Message:1]- 1
13:33:27.736 DEBUG [File:UserController.java] [Func:kakaoCallBack] [Line:82] [Message:1]- 1
13:33:55.070 INFO  [File:StartupInfoLogger.java] [Func:logStarting] [Line:55] [Message:Starting DemoApplication using Java 11.0.11 on anjuhyeong-ui-MacBookPro.local with PID 72306 (/Users/juhyeong/Desktop/Spring-Playground/RisingCamp-Spring-Template/build/classes/java/main started by juhyeong in /Users/juhyeong/Desktop/Spring-Playground/RisingCamp-Spring-Template)]- Starting DemoApplication using Java 11.0.11 on anjuhyeong-ui-MacBookPro.local with PID 72306 (/Users/juhyeong/Desktop/Spring-Playground/RisingCamp-Spring-Template/build/classes/java/main started by juhyeong in /Users/juhyeong/Desktop/Spring-Playground/RisingCamp-Spring-Template)
13:33:55.072 DEBUG [File:StartupInfoLogger.java] [Func:logStarting] [Line:56] [Message:Running with Spring Boot v2.4.2, Spring v5.3.3]- Running with Spring Boot v2.4.2, Spring v5.3.3
13:33:55.073 INFO  [File:SpringApplication.java] [Func:logStartupProfileInfo] [Line:660] [Message:No active profile set, falling back to default profiles: default]- No active profile set, falling back to default profiles: default
13:33:59.034 INFO  [File:StartupInfoLogger.java] [Func:logStarted] [Line:61] [Message:Started DemoApplication in 4.475 seconds (JVM running for 5.087)]- Started DemoApplication in 4.475 seconds (JVM running for 5.087)
13:34:40.375 INFO  [File:StartupInfoLogger.java] [Func:logStarting] [Line:55] [Message:Starting DemoApplication using Java 11.0.11 on anjuhyeong-ui-MacBookPro.local with PID 72328 (/Users/juhyeong/Desktop/Spring-Playground/RisingCamp-Spring-Template/build/classes/java/main started by juhyeong in /Users/juhyeong/Desktop/Spring-Playground/RisingCamp-Spring-Template)]- Starting DemoApplication using Java 11.0.11 on anjuhyeong-ui-MacBookPro.local with PID 72328 (/Users/juhyeong/Desktop/Spring-Playground/RisingCamp-Spring-Template/build/classes/java/main started by juhyeong in /Users/juhyeong/Desktop/Spring-Playground/RisingCamp-Spring-Template)
13:34:40.377 DEBUG [File:StartupInfoLogger.java] [Func:logStarting] [Line:56] [Message:Running with Spring Boot v2.4.2, Spring v5.3.3]- Running with Spring Boot v2.4.2, Spring v5.3.3
13:34:40.378 INFO  [File:SpringApplication.java] [Func:logStartupProfileInfo] [Line:660] [Message:No active profile set, falling back to default profiles: default]- No active profile set, falling back to default profiles: default
13:34:44.044 INFO  [File:StartupInfoLogger.java] [Func:logStarted] [Line:61] [Message:Started DemoApplication in 4.151 seconds (JVM running for 5.56)]- Started DemoApplication in 4.151 seconds (JVM running for 5.56)
13:34:52.986 DEBUG [File:UserController.java] [Func:kakaoCallBack] [Line:82] [Message:1]- 1
13:37:33.736 INFO  [File:StartupInfoLogger.java] [Func:logStarting] [Line:55] [Message:Starting DemoApplication using Java 11.0.11 on anjuhyeong-ui-MacBookPro.local with PID 72355 (/Users/juhyeong/Desktop/Spring-Playground/RisingCamp-Spring-Template/build/classes/java/main started by juhyeong in /Users/juhyeong/Desktop/Spring-Playground/RisingCamp-Spring-Template)]- Starting DemoApplication using Java 11.0.11 on anjuhyeong-ui-MacBookPro.local with PID 72355 (/Users/juhyeong/Desktop/Spring-Playground/RisingCamp-Spring-Template/build/classes/java/main started by juhyeong in /Users/juhyeong/Desktop/Spring-Playground/RisingCamp-Spring-Template)
13:37:33.739 DEBUG [File:StartupInfoLogger.java] [Func:logStarting] [Line:56] [Message:Running with Spring Boot v2.4.2, Spring v5.3.3]- Running with Spring Boot v2.4.2, Spring v5.3.3
13:37:33.739 INFO  [File:SpringApplication.java] [Func:logStartupProfileInfo] [Line:660] [Message:No active profile set, falling back to default profiles: default]- No active profile set, falling back to default profiles: default
13:37:37.992 INFO  [File:StartupInfoLogger.java] [Func:logStarted] [Line:61] [Message:Started DemoApplication in 4.803 seconds (JVM running for 5.465)]- Started DemoApplication in 4.803 seconds (JVM running for 5.465)
13:39:20.736 INFO  [File:StartupInfoLogger.java] [Func:logStarting] [Line:55] [Message:Starting DemoApplication using Java 11.0.11 on anjuhyeong-ui-MacBookPro.local with PID 72378 (/Users/juhyeong/Desktop/Spring-Playground/RisingCamp-Spring-Template/build/classes/java/main started by juhyeong in /Users/juhyeong/Desktop/Spring-Playground/RisingCamp-Spring-Template)]- Starting DemoApplication using Java 11.0.11 on anjuhyeong-ui-MacBookPro.local with PID 72378 (/Users/juhyeong/Desktop/Spring-Playground/RisingCamp-Spring-Template/build/classes/java/main started by juhyeong in /Users/juhyeong/Desktop/Spring-Playground/RisingCamp-Spring-Template)
13:39:20.739 DEBUG [File:StartupInfoLogger.java] [Func:logStarting] [Line:56] [Message:Running with Spring Boot v2.4.2, Spring v5.3.3]- Running with Spring Boot v2.4.2, Spring v5.3.3
13:39:20.740 INFO  [File:SpringApplication.java] [Func:logStartupProfileInfo] [Line:660] [Message:No active profile set, falling back to default profiles: default]- No active profile set, falling back to default profiles: default
13:39:24.675 INFO  [File:StartupInfoLogger.java] [Func:logStarted] [Line:61] [Message:Started DemoApplication in 4.497 seconds (JVM running for 5.391)]- Started DemoApplication in 4.497 seconds (JVM running for 5.391)
13:42:29.706 INFO  [File:StartupInfoLogger.java] [Func:logStarting] [Line:55] [Message:Starting DemoApplication using Java 11.0.11 on anjuhyeong-ui-MacBookPro.local with PID 72425 (/Users/juhyeong/Desktop/Spring-Playground/RisingCamp-Spring-Template/build/classes/java/main started by juhyeong in /Users/juhyeong/Desktop/Spring-Playground/RisingCamp-Spring-Template)]- Starting DemoApplication using Java 11.0.11 on anjuhyeong-ui-MacBookPro.local with PID 72425 (/Users/juhyeong/Desktop/Spring-Playground/RisingCamp-Spring-Template/build/classes/java/main started by juhyeong in /Users/juhyeong/Desktop/Spring-Playground/RisingCamp-Spring-Template)
13:42:29.709 DEBUG [File:StartupInfoLogger.java] [Func:logStarting] [Line:56] [Message:Running with Spring Boot v2.4.2, Spring v5.3.3]- Running with Spring Boot v2.4.2, Spring v5.3.3
13:42:29.710 INFO  [File:SpringApplication.java] [Func:logStartupProfileInfo] [Line:660] [Message:No active profile set, falling back to default profiles: default]- No active profile set, falling back to default profiles: default
13:42:33.425 INFO  [File:StartupInfoLogger.java] [Func:logStarted] [Line:61] [Message:Started DemoApplication in 4.298 seconds (JVM running for 5.022)]- Started DemoApplication in 4.298 seconds (JVM running for 5.022)
13:43:42.979 INFO  [File:StartupInfoLogger.java] [Func:logStarting] [Line:55] [Message:Starting DemoApplication using Java 11.0.11 on anjuhyeong-ui-MacBookPro.local with PID 72438 (/Users/juhyeong/Desktop/Spring-Playground/RisingCamp-Spring-Template/build/classes/java/main started by juhyeong in /Users/juhyeong/Desktop/Spring-Playground/RisingCamp-Spring-Template)]- Starting DemoApplication using Java 11.0.11 on anjuhyeong-ui-MacBookPro.local with PID 72438 (/Users/juhyeong/Desktop/Spring-Playground/RisingCamp-Spring-Template/build/classes/java/main started by juhyeong in /Users/juhyeong/Desktop/Spring-Playground/RisingCamp-Spring-Template)
13:43:42.981 DEBUG [File:StartupInfoLogger.java] [Func:logStarting] [Line:56] [Message:Running with Spring Boot v2.4.2, Spring v5.3.3]- Running with Spring Boot v2.4.2, Spring v5.3.3
13:43:42.983 INFO  [File:SpringApplication.java] [Func:logStartupProfileInfo] [Line:660] [Message:No active profile set, falling back to default profiles: default]- No active profile set, falling back to default profiles: default
13:43:46.864 INFO  [File:StartupInfoLogger.java] [Func:logStarted] [Line:61] [Message:Started DemoApplication in 4.496 seconds (JVM running for 5.162)]- Started DemoApplication in 4.496 seconds (JVM running for 5.162)
13:46:17.161 INFO  [File:StartupInfoLogger.java] [Func:logStarting] [Line:55] [Message:Starting DemoApplication using Java 11.0.11 on anjuhyeong-ui-MacBookPro.local with PID 72457 (/Users/juhyeong/Desktop/Spring-Playground/RisingCamp-Spring-Template/build/classes/java/main started by juhyeong in /Users/juhyeong/Desktop/Spring-Playground/RisingCamp-Spring-Template)]- Starting DemoApplication using Java 11.0.11 on anjuhyeong-ui-MacBookPro.local with PID 72457 (/Users/juhyeong/Desktop/Spring-Playground/RisingCamp-Spring-Template/build/classes/java/main started by juhyeong in /Users/juhyeong/Desktop/Spring-Playground/RisingCamp-Spring-Template)
13:46:17.165 DEBUG [File:StartupInfoLogger.java] [Func:logStarting] [Line:56] [Message:Running with Spring Boot v2.4.2, Spring v5.3.3]- Running with Spring Boot v2.4.2, Spring v5.3.3
13:46:17.167 INFO  [File:SpringApplication.java] [Func:logStartupProfileInfo] [Line:660] [Message:No active profile set, falling back to default profiles: default]- No active profile set, falling back to default profiles: default
13:46:21.109 INFO  [File:StartupInfoLogger.java] [Func:logStarted] [Line:61] [Message:Started DemoApplication in 4.503 seconds (JVM running for 5.155)]- Started DemoApplication in 4.503 seconds (JVM running for 5.155)
13:48:55.102 INFO  [File:StartupInfoLogger.java] [Func:logStarting] [Line:55] [Message:Starting DemoApplication using Java 11.0.11 on anjuhyeong-ui-MacBookPro.local with PID 72486 (/Users/juhyeong/Desktop/Spring-Playground/RisingCamp-Spring-Template/build/classes/java/main started by juhyeong in /Users/juhyeong/Desktop/Spring-Playground/RisingCamp-Spring-Template)]- Starting DemoApplication using Java 11.0.11 on anjuhyeong-ui-MacBookPro.local with PID 72486 (/Users/juhyeong/Desktop/Spring-Playground/RisingCamp-Spring-Template/build/classes/java/main started by juhyeong in /Users/juhyeong/Desktop/Spring-Playground/RisingCamp-Spring-Template)
13:48:55.104 DEBUG [File:StartupInfoLogger.java] [Func:logStarting] [Line:56] [Message:Running with Spring Boot v2.4.2, Spring v5.3.3]- Running with Spring Boot v2.4.2, Spring v5.3.3
13:48:55.105 INFO  [File:SpringApplication.java] [Func:logStartupProfileInfo] [Line:660] [Message:No active profile set, falling back to default profiles: default]- No active profile set, falling back to default profiles: default
13:48:58.932 INFO  [File:StartupInfoLogger.java] [Func:logStarted] [Line:61] [Message:Started DemoApplication in 4.37 seconds (JVM running for 5.043)]- Started DemoApplication in 4.37 seconds (JVM running for 5.043)
14:03:38.588 INFO  [File:StartupInfoLogger.java] [Func:logStarting] [Line:55] [Message:Starting DemoApplication using Java 11.0.11 on anjuhyeong-ui-MacBookPro.local with PID 72597 (/Users/juhyeong/Desktop/Spring-Playground/RisingCamp-Spring-Template/build/classes/java/main started by juhyeong in /Users/juhyeong/Desktop/Spring-Playground/RisingCamp-Spring-Template)]- Starting DemoApplication using Java 11.0.11 on anjuhyeong-ui-MacBookPro.local with PID 72597 (/Users/juhyeong/Desktop/Spring-Playground/RisingCamp-Spring-Template/build/classes/java/main started by juhyeong in /Users/juhyeong/Desktop/Spring-Playground/RisingCamp-Spring-Template)
14:03:38.592 DEBUG [File:StartupInfoLogger.java] [Func:logStarting] [Line:56] [Message:Running with Spring Boot v2.4.2, Spring v5.3.3]- Running with Spring Boot v2.4.2, Spring v5.3.3
14:03:38.594 INFO  [File:SpringApplication.java] [Func:logStartupProfileInfo] [Line:660] [Message:No active profile set, falling back to default profiles: default]- No active profile set, falling back to default profiles: default
14:03:42.309 INFO  [File:StartupInfoLogger.java] [Func:logStarted] [Line:61] [Message:Started DemoApplication in 4.564 seconds (JVM running for 5.354)]- Started DemoApplication in 4.564 seconds (JVM running for 5.354)
14:06:03.079 INFO  [File:StartupInfoLogger.java] [Func:logStarting] [Line:55] [Message:Starting DemoApplication using Java 11.0.11 on anjuhyeong-ui-MacBookPro.local with PID 72640 (/Users/juhyeong/Desktop/Spring-Playground/RisingCamp-Spring-Template/build/classes/java/main started by juhyeong in /Users/juhyeong/Desktop/Spring-Playground/RisingCamp-Spring-Template)]- Starting DemoApplication using Java 11.0.11 on anjuhyeong-ui-MacBookPro.local with PID 72640 (/Users/juhyeong/Desktop/Spring-Playground/RisingCamp-Spring-Template/build/classes/java/main started by juhyeong in /Users/juhyeong/Desktop/Spring-Playground/RisingCamp-Spring-Template)
14:06:03.084 DEBUG [File:StartupInfoLogger.java] [Func:logStarting] [Line:56] [Message:Running with Spring Boot v2.4.2, Spring v5.3.3]- Running with Spring Boot v2.4.2, Spring v5.3.3
14:06:03.085 INFO  [File:SpringApplication.java] [Func:logStartupProfileInfo] [Line:660] [Message:No active profile set, falling back to default profiles: default]- No active profile set, falling back to default profiles: default
14:06:07.983 INFO  [File:StartupInfoLogger.java] [Func:logStarted] [Line:61] [Message:Started DemoApplication in 5.517 seconds (JVM running for 6.41)]- Started DemoApplication in 5.517 seconds (JVM running for 6.41)
14:11:14.577 INFO  [File:StartupInfoLogger.java] [Func:logStarting] [Line:55] [Message:Starting DemoApplication using Java 11.0.11 on anjuhyeong-ui-MacBookPro.local with PID 72677 (/Users/juhyeong/Desktop/Spring-Playground/RisingCamp-Spring-Template/build/classes/java/main started by juhyeong in /Users/juhyeong/Desktop/Spring-Playground/RisingCamp-Spring-Template)]- Starting DemoApplication using Java 11.0.11 on anjuhyeong-ui-MacBookPro.local with PID 72677 (/Users/juhyeong/Desktop/Spring-Playground/RisingCamp-Spring-Template/build/classes/java/main started by juhyeong in /Users/juhyeong/Desktop/Spring-Playground/RisingCamp-Spring-Template)
14:11:14.579 DEBUG [File:StartupInfoLogger.java] [Func:logStarting] [Line:56] [Message:Running with Spring Boot v2.4.2, Spring v5.3.3]- Running with Spring Boot v2.4.2, Spring v5.3.3
14:11:14.580 INFO  [File:SpringApplication.java] [Func:logStartupProfileInfo] [Line:660] [Message:No active profile set, falling back to default profiles: default]- No active profile set, falling back to default profiles: default
14:11:18.527 INFO  [File:StartupInfoLogger.java] [Func:logStarted] [Line:61] [Message:Started DemoApplication in 4.614 seconds (JVM running for 5.456)]- Started DemoApplication in 4.614 seconds (JVM running for 5.456)
14:12:57.125 INFO  [File:StartupInfoLogger.java] [Func:logStarting] [Line:55] [Message:Starting DemoApplication using Java 11.0.11 on anjuhyeong-ui-MacBookPro.local with PID 72722 (/Users/juhyeong/Desktop/Spring-Playground/RisingCamp-Spring-Template/build/classes/java/main started by juhyeong in /Users/juhyeong/Desktop/Spring-Playground/RisingCamp-Spring-Template)]- Starting DemoApplication using Java 11.0.11 on anjuhyeong-ui-MacBookPro.local with PID 72722 (/Users/juhyeong/Desktop/Spring-Playground/RisingCamp-Spring-Template/build/classes/java/main started by juhyeong in /Users/juhyeong/Desktop/Spring-Playground/RisingCamp-Spring-Template)
14:12:57.128 DEBUG [File:StartupInfoLogger.java] [Func:logStarting] [Line:56] [Message:Running with Spring Boot v2.4.2, Spring v5.3.3]- Running with Spring Boot v2.4.2, Spring v5.3.3
14:12:57.130 INFO  [File:SpringApplication.java] [Func:logStartupProfileInfo] [Line:660] [Message:No active profile set, falling back to default profiles: default]- No active profile set, falling back to default profiles: default
14:13:01.700 INFO  [File:StartupInfoLogger.java] [Func:logStarted] [Line:61] [Message:Started DemoApplication in 5.121 seconds (JVM running for 5.756)]- Started DemoApplication in 5.121 seconds (JVM running for 5.756)
14:13:16.140 INFO  [File:StartupInfoLogger.java] [Func:logStarting] [Line:55] [Message:Starting DemoApplication using Java 11.0.11 on anjuhyeong-ui-MacBookPro.local with PID 72726 (/Users/juhyeong/Desktop/Spring-Playground/RisingCamp-Spring-Template/build/classes/java/main started by juhyeong in /Users/juhyeong/Desktop/Spring-Playground/RisingCamp-Spring-Template)]- Starting DemoApplication using Java 11.0.11 on anjuhyeong-ui-MacBookPro.local with PID 72726 (/Users/juhyeong/Desktop/Spring-Playground/RisingCamp-Spring-Template/build/classes/java/main started by juhyeong in /Users/juhyeong/Desktop/Spring-Playground/RisingCamp-Spring-Template)
14:13:16.143 DEBUG [File:StartupInfoLogger.java] [Func:logStarting] [Line:56] [Message:Running with Spring Boot v2.4.2, Spring v5.3.3]- Running with Spring Boot v2.4.2, Spring v5.3.3
14:13:16.144 INFO  [File:SpringApplication.java] [Func:logStartupProfileInfo] [Line:660] [Message:No active profile set, falling back to default profiles: default]- No active profile set, falling back to default profiles: default
14:13:20.501 INFO  [File:StartupInfoLogger.java] [Func:logStarted] [Line:61] [Message:Started DemoApplication in 4.949 seconds (JVM running for 5.881)]- Started DemoApplication in 4.949 seconds (JVM running for 5.881)
14:14:44.644 INFO  [File:StartupInfoLogger.java] [Func:logStarting] [Line:55] [Message:Starting DemoApplication using Java 11.0.11 on anjuhyeong-ui-MacBookPro.local with PID 72744 (/Users/juhyeong/Desktop/Spring-Playground/RisingCamp-Spring-Template/build/classes/java/main started by juhyeong in /Users/juhyeong/Desktop/Spring-Playground/RisingCamp-Spring-Template)]- Starting DemoApplication using Java 11.0.11 on anjuhyeong-ui-MacBookPro.local with PID 72744 (/Users/juhyeong/Desktop/Spring-Playground/RisingCamp-Spring-Template/build/classes/java/main started by juhyeong in /Users/juhyeong/Desktop/Spring-Playground/RisingCamp-Spring-Template)
14:14:44.647 DEBUG [File:StartupInfoLogger.java] [Func:logStarting] [Line:56] [Message:Running with Spring Boot v2.4.2, Spring v5.3.3]- Running with Spring Boot v2.4.2, Spring v5.3.3
14:14:44.648 INFO  [File:SpringApplication.java] [Func:logStartupProfileInfo] [Line:660] [Message:No active profile set, falling back to default profiles: default]- No active profile set, falling back to default profiles: default
14:14:48.586 INFO  [File:StartupInfoLogger.java] [Func:logStarted] [Line:61] [Message:Started DemoApplication in 4.477 seconds (JVM running for 5.106)]- Started DemoApplication in 4.477 seconds (JVM running for 5.106)
14:17:22.400 INFO  [File:StartupInfoLogger.java] [Func:logStarting] [Line:55] [Message:Starting DemoApplication using Java 11.0.11 on anjuhyeong-ui-MacBookPro.local with PID 72776 (/Users/juhyeong/Desktop/Spring-Playground/RisingCamp-Spring-Template/build/classes/java/main started by juhyeong in /Users/juhyeong/Desktop/Spring-Playground/RisingCamp-Spring-Template)]- Starting DemoApplication using Java 11.0.11 on anjuhyeong-ui-MacBookPro.local with PID 72776 (/Users/juhyeong/Desktop/Spring-Playground/RisingCamp-Spring-Template/build/classes/java/main started by juhyeong in /Users/juhyeong/Desktop/Spring-Playground/RisingCamp-Spring-Template)
14:17:22.402 DEBUG [File:StartupInfoLogger.java] [Func:logStarting] [Line:56] [Message:Running with Spring Boot v2.4.2, Spring v5.3.3]- Running with Spring Boot v2.4.2, Spring v5.3.3
14:17:22.403 INFO  [File:SpringApplication.java] [Func:logStartupProfileInfo] [Line:660] [Message:No active profile set, falling back to default profiles: default]- No active profile set, falling back to default profiles: default
14:17:26.109 INFO  [File:StartupInfoLogger.java] [Func:logStarted] [Line:61] [Message:Started DemoApplication in 4.239 seconds (JVM running for 5.059)]- Started DemoApplication in 4.239 seconds (JVM running for 5.059)
14:27:19.018 INFO  [File:StartupInfoLogger.java] [Func:logStarting] [Line:55] [Message:Starting DemoApplication using Java 11.0.11 on anjuhyeong-ui-MacBookPro.local with PID 72874 (/Users/juhyeong/Desktop/Spring-Playground/RisingCamp-Spring-Template/build/classes/java/main started by juhyeong in /Users/juhyeong/Desktop/Spring-Playground/RisingCamp-Spring-Template)]- Starting DemoApplication using Java 11.0.11 on anjuhyeong-ui-MacBookPro.local with PID 72874 (/Users/juhyeong/Desktop/Spring-Playground/RisingCamp-Spring-Template/build/classes/java/main started by juhyeong in /Users/juhyeong/Desktop/Spring-Playground/RisingCamp-Spring-Template)
14:27:19.020 DEBUG [File:StartupInfoLogger.java] [Func:logStarting] [Line:56] [Message:Running with Spring Boot v2.4.2, Spring v5.3.3]- Running with Spring Boot v2.4.2, Spring v5.3.3
14:27:19.021 INFO  [File:SpringApplication.java] [Func:logStartupProfileInfo] [Line:660] [Message:No active profile set, falling back to default profiles: default]- No active profile set, falling back to default profiles: default
14:27:23.308 INFO  [File:StartupInfoLogger.java] [Func:logStarted] [Line:61] [Message:Started DemoApplication in 4.834 seconds (JVM running for 5.589)]- Started DemoApplication in 4.834 seconds (JVM running for 5.589)
14:29:31.852 INFO  [File:StartupInfoLogger.java] [Func:logStarting] [Line:55] [Message:Starting DemoApplication using Java 11.0.11 on anjuhyeong-ui-MacBookPro.local with PID 72908 (/Users/juhyeong/Desktop/Spring-Playground/RisingCamp-Spring-Template/build/classes/java/main started by juhyeong in /Users/juhyeong/Desktop/Spring-Playground/RisingCamp-Spring-Template)]- Starting DemoApplication using Java 11.0.11 on anjuhyeong-ui-MacBookPro.local with PID 72908 (/Users/juhyeong/Desktop/Spring-Playground/RisingCamp-Spring-Template/build/classes/java/main started by juhyeong in /Users/juhyeong/Desktop/Spring-Playground/RisingCamp-Spring-Template)
14:29:31.854 DEBUG [File:StartupInfoLogger.java] [Func:logStarting] [Line:56] [Message:Running with Spring Boot v2.4.2, Spring v5.3.3]- Running with Spring Boot v2.4.2, Spring v5.3.3
14:29:31.855 INFO  [File:SpringApplication.java] [Func:logStartupProfileInfo] [Line:660] [Message:No active profile set, falling back to default profiles: default]- No active profile set, falling back to default profiles: default
14:29:37.177 INFO  [File:StartupInfoLogger.java] [Func:logStarted] [Line:61] [Message:Started DemoApplication in 5.972 seconds (JVM running for 6.829)]- Started DemoApplication in 5.972 seconds (JVM running for 6.829)
14:31:32.215 INFO  [File:StartupInfoLogger.java] [Func:logStarting] [Line:55] [Message:Starting DemoApplication using Java 11.0.11 on anjuhyeong-ui-MacBookPro.local with PID 72936 (/Users/juhyeong/Desktop/Spring-Playground/RisingCamp-Spring-Template/build/classes/java/main started by juhyeong in /Users/juhyeong/Desktop/Spring-Playground/RisingCamp-Spring-Template)]- Starting DemoApplication using Java 11.0.11 on anjuhyeong-ui-MacBookPro.local with PID 72936 (/Users/juhyeong/Desktop/Spring-Playground/RisingCamp-Spring-Template/build/classes/java/main started by juhyeong in /Users/juhyeong/Desktop/Spring-Playground/RisingCamp-Spring-Template)
14:31:32.217 DEBUG [File:StartupInfoLogger.java] [Func:logStarting] [Line:56] [Message:Running with Spring Boot v2.4.2, Spring v5.3.3]- Running with Spring Boot v2.4.2, Spring v5.3.3
14:31:32.218 INFO  [File:SpringApplication.java] [Func:logStartupProfileInfo] [Line:660] [Message:No active profile set, falling back to default profiles: default]- No active profile set, falling back to default profiles: default
14:31:37.569 INFO  [File:StartupInfoLogger.java] [Func:logStarted] [Line:61] [Message:Started DemoApplication in 5.994 seconds (JVM running for 6.847)]- Started DemoApplication in 5.994 seconds (JVM running for 6.847)
14:43:53.097 INFO  [File:StartupInfoLogger.java] [Func:logStarting] [Line:55] [Message:Starting DemoApplication using Java 11.0.11 on anjuhyeong-ui-MacBookPro.local with PID 73088 (/Users/juhyeong/Desktop/Spring-Playground/RisingCamp-Spring-Template/build/classes/java/main started by juhyeong in /Users/juhyeong/Desktop/Spring-Playground/RisingCamp-Spring-Template)]- Starting DemoApplication using Java 11.0.11 on anjuhyeong-ui-MacBookPro.local with PID 73088 (/Users/juhyeong/Desktop/Spring-Playground/RisingCamp-Spring-Template/build/classes/java/main started by juhyeong in /Users/juhyeong/Desktop/Spring-Playground/RisingCamp-Spring-Template)
14:43:53.099 DEBUG [File:StartupInfoLogger.java] [Func:logStarting] [Line:56] [Message:Running with Spring Boot v2.4.2, Spring v5.3.3]- Running with Spring Boot v2.4.2, Spring v5.3.3
14:43:53.099 INFO  [File:SpringApplication.java] [Func:logStartupProfileInfo] [Line:660] [Message:No active profile set, falling back to default profiles: default]- No active profile set, falling back to default profiles: default
14:43:57.532 INFO  [File:StartupInfoLogger.java] [Func:logStarted] [Line:61] [Message:Started DemoApplication in 5.066 seconds (JVM running for 5.913)]- Started DemoApplication in 5.066 seconds (JVM running for 5.913)
14:46:34.665 INFO  [File:StartupInfoLogger.java] [Func:logStarting] [Line:55] [Message:Starting DemoApplication using Java 11.0.11 on anjuhyeong-ui-MacBookPro.local with PID 73112 (/Users/juhyeong/Desktop/Spring-Playground/RisingCamp-Spring-Template/build/classes/java/main started by juhyeong in /Users/juhyeong/Desktop/Spring-Playground/RisingCamp-Spring-Template)]- Starting DemoApplication using Java 11.0.11 on anjuhyeong-ui-MacBookPro.local with PID 73112 (/Users/juhyeong/Desktop/Spring-Playground/RisingCamp-Spring-Template/build/classes/java/main started by juhyeong in /Users/juhyeong/Desktop/Spring-Playground/RisingCamp-Spring-Template)
14:46:34.667 DEBUG [File:StartupInfoLogger.java] [Func:logStarting] [Line:56] [Message:Running with Spring Boot v2.4.2, Spring v5.3.3]- Running with Spring Boot v2.4.2, Spring v5.3.3
14:46:34.668 INFO  [File:SpringApplication.java] [Func:logStartupProfileInfo] [Line:660] [Message:No active profile set, falling back to default profiles: default]- No active profile set, falling back to default profiles: default
14:46:38.758 INFO  [File:StartupInfoLogger.java] [Func:logStarted] [Line:61] [Message:Started DemoApplication in 4.691 seconds (JVM running for 5.318)]- Started DemoApplication in 4.691 seconds (JVM running for 5.318)
14:47:47.683 INFO  [File:StartupInfoLogger.java] [Func:logStarting] [Line:55] [Message:Starting DemoApplication using Java 11.0.11 on anjuhyeong-ui-MacBookPro.local with PID 73123 (/Users/juhyeong/Desktop/Spring-Playground/RisingCamp-Spring-Template/build/classes/java/main started by juhyeong in /Users/juhyeong/Desktop/Spring-Playground/RisingCamp-Spring-Template)]- Starting DemoApplication using Java 11.0.11 on anjuhyeong-ui-MacBookPro.local with PID 73123 (/Users/juhyeong/Desktop/Spring-Playground/RisingCamp-Spring-Template/build/classes/java/main started by juhyeong in /Users/juhyeong/Desktop/Spring-Playground/RisingCamp-Spring-Template)
14:47:47.687 DEBUG [File:StartupInfoLogger.java] [Func:logStarting] [Line:56] [Message:Running with Spring Boot v2.4.2, Spring v5.3.3]- Running with Spring Boot v2.4.2, Spring v5.3.3
14:47:47.688 INFO  [File:SpringApplication.java] [Func:logStartupProfileInfo] [Line:660] [Message:No active profile set, falling back to default profiles: default]- No active profile set, falling back to default profiles: default
14:47:51.487 INFO  [File:StartupInfoLogger.java] [Func:logStarted] [Line:61] [Message:Started DemoApplication in 4.458 seconds (JVM running for 5.176)]- Started DemoApplication in 4.458 seconds (JVM running for 5.176)
14:48:45.985 INFO  [File:StartupInfoLogger.java] [Func:logStarting] [Line:55] [Message:Starting DemoApplication using Java 11.0.11 on anjuhyeong-ui-MacBookPro.local with PID 73134 (/Users/juhyeong/Desktop/Spring-Playground/RisingCamp-Spring-Template/build/classes/java/main started by juhyeong in /Users/juhyeong/Desktop/Spring-Playground/RisingCamp-Spring-Template)]- Starting DemoApplication using Java 11.0.11 on anjuhyeong-ui-MacBookPro.local with PID 73134 (/Users/juhyeong/Desktop/Spring-Playground/RisingCamp-Spring-Template/build/classes/java/main started by juhyeong in /Users/juhyeong/Desktop/Spring-Playground/RisingCamp-Spring-Template)
14:48:45.988 DEBUG [File:StartupInfoLogger.java] [Func:logStarting] [Line:56] [Message:Running with Spring Boot v2.4.2, Spring v5.3.3]- Running with Spring Boot v2.4.2, Spring v5.3.3
14:48:45.990 INFO  [File:SpringApplication.java] [Func:logStartupProfileInfo] [Line:660] [Message:No active profile set, falling back to default profiles: default]- No active profile set, falling back to default profiles: default
14:48:49.778 INFO  [File:StartupInfoLogger.java] [Func:logStarted] [Line:61] [Message:Started DemoApplication in 4.366 seconds (JVM running for 5.178)]- Started DemoApplication in 4.366 seconds (JVM running for 5.178)
14:49:21.658 INFO  [File:StartupInfoLogger.java] [Func:logStarting] [Line:55] [Message:Starting DemoApplication using Java 11.0.11 on anjuhyeong-ui-MacBookPro.local with PID 73138 (/Users/juhyeong/Desktop/Spring-Playground/RisingCamp-Spring-Template/build/classes/java/main started by juhyeong in /Users/juhyeong/Desktop/Spring-Playground/RisingCamp-Spring-Template)]- Starting DemoApplication using Java 11.0.11 on anjuhyeong-ui-MacBookPro.local with PID 73138 (/Users/juhyeong/Desktop/Spring-Playground/RisingCamp-Spring-Template/build/classes/java/main started by juhyeong in /Users/juhyeong/Desktop/Spring-Playground/RisingCamp-Spring-Template)
14:49:21.660 DEBUG [File:StartupInfoLogger.java] [Func:logStarting] [Line:56] [Message:Running with Spring Boot v2.4.2, Spring v5.3.3]- Running with Spring Boot v2.4.2, Spring v5.3.3
14:49:21.661 INFO  [File:SpringApplication.java] [Func:logStartupProfileInfo] [Line:660] [Message:No active profile set, falling back to default profiles: default]- No active profile set, falling back to default profiles: default
14:49:25.736 INFO  [File:StartupInfoLogger.java] [Func:logStarted] [Line:61] [Message:Started DemoApplication in 4.622 seconds (JVM running for 5.265)]- Started DemoApplication in 4.622 seconds (JVM running for 5.265)
14:59:30.625 INFO  [File:StartupInfoLogger.java] [Func:logStarting] [Line:55] [Message:Starting DemoApplication using Java 11.0.11 on anjuhyeong-ui-MacBookPro.local with PID 73240 (/Users/juhyeong/Desktop/Spring-Playground/RisingCamp-Spring-Template/build/classes/java/main started by juhyeong in /Users/juhyeong/Desktop/Spring-Playground/RisingCamp-Spring-Template)]- Starting DemoApplication using Java 11.0.11 on anjuhyeong-ui-MacBookPro.local with PID 73240 (/Users/juhyeong/Desktop/Spring-Playground/RisingCamp-Spring-Template/build/classes/java/main started by juhyeong in /Users/juhyeong/Desktop/Spring-Playground/RisingCamp-Spring-Template)
14:59:30.627 DEBUG [File:StartupInfoLogger.java] [Func:logStarting] [Line:56] [Message:Running with Spring Boot v2.4.2, Spring v5.3.3]- Running with Spring Boot v2.4.2, Spring v5.3.3
14:59:30.628 INFO  [File:SpringApplication.java] [Func:logStartupProfileInfo] [Line:660] [Message:No active profile set, falling back to default profiles: default]- No active profile set, falling back to default profiles: default
14:59:34.839 INFO  [File:StartupInfoLogger.java] [Func:logStarted] [Line:61] [Message:Started DemoApplication in 4.826 seconds (JVM running for 5.623)]- Started DemoApplication in 4.826 seconds (JVM running for 5.623)
15:00:46.992 INFO  [File:StartupInfoLogger.java] [Func:logStarting] [Line:55] [Message:Starting DemoApplication using Java 11.0.11 on anjuhyeong-ui-MacBookPro.local with PID 73250 (/Users/juhyeong/Desktop/Spring-Playground/RisingCamp-Spring-Template/build/classes/java/main started by juhyeong in /Users/juhyeong/Desktop/Spring-Playground/RisingCamp-Spring-Template)]- Starting DemoApplication using Java 11.0.11 on anjuhyeong-ui-MacBookPro.local with PID 73250 (/Users/juhyeong/Desktop/Spring-Playground/RisingCamp-Spring-Template/build/classes/java/main started by juhyeong in /Users/juhyeong/Desktop/Spring-Playground/RisingCamp-Spring-Template)
15:00:46.996 DEBUG [File:StartupInfoLogger.java] [Func:logStarting] [Line:56] [Message:Running with Spring Boot v2.4.2, Spring v5.3.3]- Running with Spring Boot v2.4.2, Spring v5.3.3
15:00:46.998 INFO  [File:SpringApplication.java] [Func:logStartupProfileInfo] [Line:660] [Message:No active profile set, falling back to default profiles: default]- No active profile set, falling back to default profiles: default
15:00:51.034 INFO  [File:StartupInfoLogger.java] [Func:logStarted] [Line:61] [Message:Started DemoApplication in 4.661 seconds (JVM running for 5.31)]- Started DemoApplication in 4.661 seconds (JVM running for 5.31)
